c:\users\exavadeathwitch\documents\github\perfect-storm-api\build\dll_debug\vc142.pdb
c:\users\exavadeathwitch\documents\github\perfect-storm-api\build\dll_debug\vc142.idb
c:\users\exavadeathwitch\documents\github\perfect-storm-api\build\dll_debug\hookmanager.obj
c:\users\exavadeathwitch\documents\github\perfect-storm-api\build\dll_debug\entry.obj
c:\users\exavadeathwitch\documents\github\perfect-storm-api\build\dll_debug\module.obj
c:\users\exavadeathwitch\documents\github\perfect-storm-api\build\dll_debug\settings.obj
c:\users\exavadeathwitch\documents\github\perfect-storm-api\build\dll_debug\game.obj
c:\users\exavadeathwitch\documents\github\perfect-storm-api\build\dll_debug\modconsole.obj
c:\users\exavadeathwitch\documents\github\perfect-storm-api\build\dll_debug\hooks.obj
c:\users\exavadeathwitch\documents\github\perfect-storm-api\build\dll_debug\wndproc.obj
c:\users\exavadeathwitch\documents\github\perfect-storm-api\build\dll_debug\present.obj
c:\users\exavadeathwitch\documents\github\perfect-storm-api\build\dll_debug\console.obj
c:\users\exavadeathwitch\documents\github\perfect-storm-api\build\dll_debug\api_console.obj
c:\users\exavadeathwitch\documents\github\perfect-storm-api\build\dll_debug\d3dcompiler_47.pch
c:\users\exavadeathwitch\documents\github\perfect-storm-api\build\dll_debug\pch.obj
c:\users\exavadeathwitch\documents\github\perfect-storm-api\build\dll_debug\imgui_styles.obj
c:\users\exavadeathwitch\documents\github\perfect-storm-api\bin\dll_debug\d3dcompiler_47.lib
c:\users\exavadeathwitch\documents\github\perfect-storm-api\bin\dll_debug\d3dcompiler_47.exp
c:\users\exavadeathwitch\documents\github\perfect-storm-api\build\dll_debug\dll.obj
c:\users\exavadeathwitch\documents\github\perfect-storm-api\bin\dll_debug\d3dcompiler_47.pdb
c:\users\exavadeathwitch\documents\github\perfect-storm-api\build\dll_debug\dll.tlog\cl.command.1.tlog
c:\users\exavadeathwitch\documents\github\perfect-storm-api\build\dll_debug\dll.tlog\cl.read.1.tlog
c:\users\exavadeathwitch\documents\github\perfect-storm-api\build\dll_debug\dll.tlog\cl.write.1.tlog
c:\users\exavadeathwitch\documents\github\perfect-storm-api\build\dll_debug\dll.tlog\dll.write.1u.tlog
c:\users\exavadeathwitch\documents\github\perfect-storm-api\build\dll_debug\dll.tlog\link.command.1.tlog
c:\users\exavadeathwitch\documents\github\perfect-storm-api\build\dll_debug\dll.tlog\link.read.1.tlog
c:\users\exavadeathwitch\documents\github\perfect-storm-api\build\dll_debug\dll.tlog\link.write.1.tlog
c:\users\exavadeathwitch\documents\github\perfect-storm-api\build\dll_debug\dll.tlog\masm.read.1u.tlog
c:\users\exavadeathwitch\documents\github\perfect-storm-api\build\dll_debug\dll.tlog\masm.write.1u.tlog
