c:\users\katedra\desktop\perfect-storm-api\build\dll_public\d3dcompiler_47.pch
c:\users\katedra\desktop\perfect-storm-api\build\dll_public\vc143.pdb
c:\users\katedra\desktop\perfect-storm-api\build\dll_public\pch.obj
c:\users\katedra\desktop\perfect-storm-api\build\dll_public\imgui_styles.obj
c:\users\katedra\desktop\perfect-storm-api\build\dll_public\module.obj
c:\users\katedra\desktop\perfect-storm-api\build\dll_public\logger.obj
c:\users\katedra\desktop\perfect-storm-api\build\dll_public\hookmanager.obj
c:\users\katedra\desktop\perfect-storm-api\build\dll_public\console.obj
c:\users\katedra\desktop\perfect-storm-api\build\dll_public\config.obj
c:\users\katedra\desktop\perfect-storm-api\build\dll_public\stormapi.obj
c:\users\katedra\desktop\perfect-storm-api\build\dll_public\api_console.obj
c:\users\katedra\desktop\perfect-storm-api\build\dll_public\settings.obj
c:\users\katedra\desktop\perfect-storm-api\build\dll_public\game.obj
c:\users\katedra\desktop\perfect-storm-api\build\dll_public\hooks.obj
c:\users\katedra\desktop\perfect-storm-api\build\dll_public\wndproc.obj
c:\users\katedra\desktop\perfect-storm-api\build\dll_public\present.obj
c:\users\katedra\desktop\perfect-storm-api\build\dll_public\entry.obj
c:\users\katedra\desktop\perfect-storm-api\build\dll_public\modconsole.obj
c:\users\katedra\desktop\perfect-storm-api\build\dll_public\dll.obj
c:\users\katedra\desktop\perfect-storm-api\\build\dll_public\dll.vcxproj.filelistabsolute.txt
c:\users\katedra\desktop\perfect-storm-api\build\dll_public\dll.tlog\cl.command.1.tlog
c:\users\katedra\desktop\perfect-storm-api\build\dll_public\dll.tlog\cl.read.1.tlog
c:\users\katedra\desktop\perfect-storm-api\build\dll_public\dll.tlog\cl.write.1.tlog
c:\users\katedra\desktop\perfect-storm-api\build\dll_public\dll.tlog\link.command.1.tlog
c:\users\katedra\desktop\perfect-storm-api\build\dll_public\dll.tlog\link.read.1.tlog
c:\users\katedra\desktop\perfect-storm-api\build\dll_public\dll.tlog\link.write.1.tlog
c:\users\katedra\desktop\perfect-storm-api\build\dll_public\dll.tlog\masm.read.1u.tlog
c:\users\katedra\desktop\perfect-storm-api\build\dll_public\dll.tlog\masm.write.1u.tlog
