  Assembling Dll.asm...
  pch.cpp
  ModConsole.cpp
  Entry.cpp
  Present.cpp
C:\Users\Exavadeathwitch\Documents\GitHub\Perfect-Storm-API\Dll\Src\Core\Hooks\Functions\D3D11\Present.cpp(32,14): warning C4244: '=': conversion from 'UINT' to 'FLOAT', possible loss of data
C:\Users\Exavadeathwitch\Documents\GitHub\Perfect-Storm-API\Dll\Src\Core\Hooks\Functions\D3D11\Present.cpp(33,15): warning C4244: '=': conversion from 'UINT' to 'FLOAT', possible loss of data
  WndProc.cpp
  Hooks.cpp
  Game.cpp
  Settings.cpp
  Console.cpp
  HookManager.cpp
  Module.cpp
     Creating library C:\Users\Exavadeathwitch\Documents\GitHub\Perfect-Storm-API\bin\Dll_Public\d3dcompiler_47.lib and object C:\Users\Exavadeathwitch\Documents\GitHub\Perfect-Storm-API\bin\Dll_Public\d3dcompiler_47.exp
  Generating code
  Previous IPDB not found, fall back to full compilation.
  All 4240 functions were compiled because no usable IPDB/IOBJ from previous compilation was found.
  Finished generating code
  dll.vcxproj -> C:\Users\Exavadeathwitch\Documents\GitHub\Perfect-Storm-API\bin\Dll_Public\d3dcompiler_47.dll
